<?xml version="1.0" encoding="UTF-8"?>
<testsuite xmlns:xsi="http://www.w3.org/2001/XMLSchema-instance" xsi:noNamespaceSchemaLocation="https://maven.apache.org/surefire/maven-surefire-plugin/xsd/surefire-test-report.xsd" name="TestSuite" time="60.338" tests="5" errors="0" skipped="0" failures="1">
  <properties>
    <property name="sun.desktop" value="windows"/>
    <property name="awt.toolkit" value="sun.awt.windows.WToolkit"/>
    <property name="java.specification.version" value="11"/>
    <property name="sun.cpu.isalist" value="amd64"/>
    <property name="sun.jnu.encoding" value="Cp1252"/>
    <property name="java.class.path" value="C:\Users\yamin\eclipse-workspace\CentroTC\target\test-classes;C:\Users\yamin\eclipse-workspace\CentroTC\target\classes;C:\Users\yamin\.m2\repository\junit\junit\4.11\junit-4.11.jar;C:\Users\yamin\.m2\repository\org\hamcrest\hamcrest-core\1.3\hamcrest-core-1.3.jar;C:\Users\yamin\.m2\repository\org\seleniumhq\selenium\selenium-java\2.46.0\selenium-java-2.46.0.jar;C:\Users\yamin\.m2\repository\org\seleniumhq\selenium\selenium-chrome-driver\2.46.0\selenium-chrome-driver-2.46.0.jar;C:\Users\yamin\.m2\repository\org\seleniumhq\selenium\selenium-htmlunit-driver\2.46.0\selenium-htmlunit-driver-2.46.0.jar;C:\Users\yamin\.m2\repository\net\sourceforge\htmlunit\htmlunit\2.17\htmlunit-2.17.jar;C:\Users\yamin\.m2\repository\xalan\xalan\2.7.2\xalan-2.7.2.jar;C:\Users\yamin\.m2\repository\xalan\serializer\2.7.2\serializer-2.7.2.jar;C:\Users\yamin\.m2\repository\commons-collections\commons-collections\3.2.1\commons-collections-3.2.1.jar;C:\Users\yamin\.m2\repository\org\apache\commons\commons-lang3\3.4\commons-lang3-3.4.jar;C:\Users\yamin\.m2\repository\net\sourceforge\htmlunit\htmlunit-core-js\2.17\htmlunit-core-js-2.17.jar;C:\Users\yamin\.m2\repository\xerces\xercesImpl\2.11.0\xercesImpl-2.11.0.jar;C:\Users\yamin\.m2\repository\xml-apis\xml-apis\1.4.01\xml-apis-1.4.01.jar;C:\Users\yamin\.m2\repository\net\sourceforge\nekohtml\nekohtml\1.9.22\nekohtml-1.9.22.jar;C:\Users\yamin\.m2\repository\net\sourceforge\cssparser\cssparser\0.9.16\cssparser-0.9.16.jar;C:\Users\yamin\.m2\repository\org\w3c\css\sac\1.3\sac-1.3.jar;C:\Users\yamin\.m2\repository\org\eclipse\jetty\websocket\websocket-client\9.2.11.v20150529\websocket-client-9.2.11.v20150529.jar;C:\Users\yamin\.m2\repository\org\eclipse\jetty\jetty-util\9.2.11.v20150529\jetty-util-9.2.11.v20150529.jar;C:\Users\yamin\.m2\repository\org\eclipse\jetty\jetty-io\9.2.11.v20150529\jetty-io-9.2.11.v20150529.jar;C:\Users\yamin\.m2\repository\org\eclipse\jetty\websocket\websocket-common\9.2.11.v20150529\websocket-common-9.2.11.v20150529.jar;C:\Users\yamin\.m2\repository\org\eclipse\jetty\websocket\websocket-api\9.2.11.v20150529\websocket-api-9.2.11.v20150529.jar;C:\Users\yamin\.m2\repository\org\seleniumhq\selenium\selenium-firefox-driver\2.46.0\selenium-firefox-driver-2.46.0.jar;C:\Users\yamin\.m2\repository\org\seleniumhq\selenium\selenium-ie-driver\2.46.0\selenium-ie-driver-2.46.0.jar;C:\Users\yamin\.m2\repository\net\java\dev\jna\jna\4.1.0\jna-4.1.0.jar;C:\Users\yamin\.m2\repository\net\java\dev\jna\jna-platform\4.1.0\jna-platform-4.1.0.jar;C:\Users\yamin\.m2\repository\org\seleniumhq\selenium\selenium-safari-driver\2.46.0\selenium-safari-driver-2.46.0.jar;C:\Users\yamin\.m2\repository\org\seleniumhq\selenium\selenium-support\2.46.0\selenium-support-2.46.0.jar;C:\Users\yamin\.m2\repository\org\webbitserver\webbit\0.4.14\webbit-0.4.14.jar;C:\Users\yamin\.m2\repository\io\netty\netty\3.5.2.Final\netty-3.5.2.Final.jar;C:\Users\yamin\.m2\repository\org\seleniumhq\selenium\selenium-leg-rc\2.46.0\selenium-leg-rc-2.46.0.jar;C:\Users\yamin\.m2\repository\com\aventstack\extentreports\4.0.0\extentreports-4.0.0.jar;C:\Users\yamin\.m2\repository\org\freemarker\freemarker\2.3.23\freemarker-2.3.23.jar;C:\Users\yamin\.m2\repository\org\mongodb\mongodb-driver\3.3.0\mongodb-driver-3.3.0.jar;C:\Users\yamin\.m2\repository\org\mongodb\mongodb-driver-core\3.3.0\mongodb-driver-core-3.3.0.jar;C:\Users\yamin\.m2\repository\org\mongodb\bson\3.3.0\bson-3.3.0.jar;C:\Users\yamin\.m2\repository\org\apache\httpcomponents\httpclient\4.5.2\httpclient-4.5.2.jar;C:\Users\yamin\.m2\repository\org\apache\httpcomponents\httpcore\4.4.4\httpcore-4.4.4.jar;C:\Users\yamin\.m2\repository\commons-logging\commons-logging\1.2\commons-logging-1.2.jar;C:\Users\yamin\.m2\repository\org\apache\httpcomponents\httpmime\4.5.2\httpmime-4.5.2.jar;C:\Users\yamin\.m2\repository\com\google\code\gson\gson\2.8.5\gson-2.8.5.jar;C:\Users\yamin\.m2\repository\org\testng\testng\6.14.3\testng-6.14.3.jar;C:\Users\yamin\.m2\repository\com\beust\jcommander\1.72\jcommander-1.72.jar;C:\Users\yamin\.m2\repository\org\apache-extras\beanshell\bsh\2.0b6\bsh-2.0b6.jar;C:\Users\yamin\.m2\repository\org\apache\xmlbeans\xmlbeans\3.1.0\xmlbeans-3.1.0.jar;C:\Users\yamin\.m2\repository\org\seleniumhq\selenium\selenium-edge-driver\2.47.1\selenium-edge-driver-2.47.1.jar;C:\Users\yamin\.m2\repository\org\seleniumhq\selenium\selenium-remote-driver\2.47.1\selenium-remote-driver-2.47.1.jar;C:\Users\yamin\.m2\repository\cglib\cglib-nodep\2.1_3\cglib-nodep-2.1_3.jar;C:\Users\yamin\.m2\repository\org\seleniumhq\selenium\selenium-api\2.47.1\selenium-api-2.47.1.jar;C:\Users\yamin\.m2\repository\com\google\guava\guava\18.0\guava-18.0.jar;C:\Users\yamin\.m2\repository\commons-io\commons-io\2.4\commons-io-2.4.jar;C:\Users\yamin\.m2\repository\org\apache\commons\commons-exec\1.3\commons-exec-1.3.jar;C:\Users\yamin\.m2\repository\org\apache\poi\poi\4.1.2\poi-4.1.2.jar;C:\Users\yamin\.m2\repository\commons-codec\commons-codec\1.13\commons-codec-1.13.jar;C:\Users\yamin\.m2\repository\org\apache\commons\commons-collections4\4.4\commons-collections4-4.4.jar;C:\Users\yamin\.m2\repository\org\apache\commons\commons-math3\3.6.1\commons-math3-3.6.1.jar;C:\Users\yamin\.m2\repository\com\zaxxer\SparseBitSet\1.2\SparseBitSet-1.2.jar;C:\Users\yamin\.m2\repository\org\apache\poi\poi-ooxml\4.1.2\poi-ooxml-4.1.2.jar;C:\Users\yamin\.m2\repository\org\apache\poi\poi-ooxml-schemas\4.1.2\poi-ooxml-schemas-4.1.2.jar;C:\Users\yamin\.m2\repository\org\apache\commons\commons-compress\1.19\commons-compress-1.19.jar;C:\Users\yamin\.m2\repository\com\github\virtuald\curvesapi\1.06\curvesapi-1.06.jar;"/>
    <property name="java.vm.vendor" value="Oracle Corporation"/>
    <property name="sun.arch.data.model" value="64"/>
    <property name="user.variant" value=""/>
    <property name="java.vendor.url" value="https://openjdk.java.net/"/>
    <property name="user.timezone" value="Asia/Calcutta"/>
    <property name="java.vm.specification.version" value="11"/>
    <property name="os.name" value="Windows 10"/>
    <property name="sun.java.launcher" value="SUN_STANDARD"/>
    <property name="user.country" value="IN"/>
    <property name="sun.boot.library.path" value="C:\Program Files\Java\jdk-11.0.10\bin"/>
    <property name="sun.java.command" value="C:\Users\yamin\AppData\Local\Temp\surefire15248648787884549698\surefirebooter423995451343323992.jar C:\Users\yamin\AppData\Local\Temp\surefire15248648787884549698 2021-05-03T23-48-29_472-jvmRun1 surefire11752448831181190061tmp surefire_06821640471888719309tmp"/>
    <property name="jdk.debug" value="release"/>
    <property name="surefire.test.class.path" value="C:\Users\yamin\eclipse-workspace\CentroTC\target\test-classes;C:\Users\yamin\eclipse-workspace\CentroTC\target\classes;C:\Users\yamin\.m2\repository\junit\junit\4.11\junit-4.11.jar;C:\Users\yamin\.m2\repository\org\hamcrest\hamcrest-core\1.3\hamcrest-core-1.3.jar;C:\Users\yamin\.m2\repository\org\seleniumhq\selenium\selenium-java\2.46.0\selenium-java-2.46.0.jar;C:\Users\yamin\.m2\repository\org\seleniumhq\selenium\selenium-chrome-driver\2.46.0\selenium-chrome-driver-2.46.0.jar;C:\Users\yamin\.m2\repository\org\seleniumhq\selenium\selenium-htmlunit-driver\2.46.0\selenium-htmlunit-driver-2.46.0.jar;C:\Users\yamin\.m2\repository\net\sourceforge\htmlunit\htmlunit\2.17\htmlunit-2.17.jar;C:\Users\yamin\.m2\repository\xalan\xalan\2.7.2\xalan-2.7.2.jar;C:\Users\yamin\.m2\repository\xalan\serializer\2.7.2\serializer-2.7.2.jar;C:\Users\yamin\.m2\repository\commons-collections\commons-collections\3.2.1\commons-collections-3.2.1.jar;C:\Users\yamin\.m2\repository\org\apache\commons\commons-lang3\3.4\commons-lang3-3.4.jar;C:\Users\yamin\.m2\repository\net\sourceforge\htmlunit\htmlunit-core-js\2.17\htmlunit-core-js-2.17.jar;C:\Users\yamin\.m2\repository\xerces\xercesImpl\2.11.0\xercesImpl-2.11.0.jar;C:\Users\yamin\.m2\repository\xml-apis\xml-apis\1.4.01\xml-apis-1.4.01.jar;C:\Users\yamin\.m2\repository\net\sourceforge\nekohtml\nekohtml\1.9.22\nekohtml-1.9.22.jar;C:\Users\yamin\.m2\repository\net\sourceforge\cssparser\cssparser\0.9.16\cssparser-0.9.16.jar;C:\Users\yamin\.m2\repository\org\w3c\css\sac\1.3\sac-1.3.jar;C:\Users\yamin\.m2\repository\org\eclipse\jetty\websocket\websocket-client\9.2.11.v20150529\websocket-client-9.2.11.v20150529.jar;C:\Users\yamin\.m2\repository\org\eclipse\jetty\jetty-util\9.2.11.v20150529\jetty-util-9.2.11.v20150529.jar;C:\Users\yamin\.m2\repository\org\eclipse\jetty\jetty-io\9.2.11.v20150529\jetty-io-9.2.11.v20150529.jar;C:\Users\yamin\.m2\repository\org\eclipse\jetty\websocket\websocket-common\9.2.11.v20150529\websocket-common-9.2.11.v20150529.jar;C:\Users\yamin\.m2\repository\org\eclipse\jetty\websocket\websocket-api\9.2.11.v20150529\websocket-api-9.2.11.v20150529.jar;C:\Users\yamin\.m2\repository\org\seleniumhq\selenium\selenium-firefox-driver\2.46.0\selenium-firefox-driver-2.46.0.jar;C:\Users\yamin\.m2\repository\org\seleniumhq\selenium\selenium-ie-driver\2.46.0\selenium-ie-driver-2.46.0.jar;C:\Users\yamin\.m2\repository\net\java\dev\jna\jna\4.1.0\jna-4.1.0.jar;C:\Users\yamin\.m2\repository\net\java\dev\jna\jna-platform\4.1.0\jna-platform-4.1.0.jar;C:\Users\yamin\.m2\repository\org\seleniumhq\selenium\selenium-safari-driver\2.46.0\selenium-safari-driver-2.46.0.jar;C:\Users\yamin\.m2\repository\org\seleniumhq\selenium\selenium-support\2.46.0\selenium-support-2.46.0.jar;C:\Users\yamin\.m2\repository\org\webbitserver\webbit\0.4.14\webbit-0.4.14.jar;C:\Users\yamin\.m2\repository\io\netty\netty\3.5.2.Final\netty-3.5.2.Final.jar;C:\Users\yamin\.m2\repository\org\seleniumhq\selenium\selenium-leg-rc\2.46.0\selenium-leg-rc-2.46.0.jar;C:\Users\yamin\.m2\repository\com\aventstack\extentreports\4.0.0\extentreports-4.0.0.jar;C:\Users\yamin\.m2\repository\org\freemarker\freemarker\2.3.23\freemarker-2.3.23.jar;C:\Users\yamin\.m2\repository\org\mongodb\mongodb-driver\3.3.0\mongodb-driver-3.3.0.jar;C:\Users\yamin\.m2\repository\org\mongodb\mongodb-driver-core\3.3.0\mongodb-driver-core-3.3.0.jar;C:\Users\yamin\.m2\repository\org\mongodb\bson\3.3.0\bson-3.3.0.jar;C:\Users\yamin\.m2\repository\org\apache\httpcomponents\httpclient\4.5.2\httpclient-4.5.2.jar;C:\Users\yamin\.m2\repository\org\apache\httpcomponents\httpcore\4.4.4\httpcore-4.4.4.jar;C:\Users\yamin\.m2\repository\commons-logging\commons-logging\1.2\commons-logging-1.2.jar;C:\Users\yamin\.m2\repository\org\apache\httpcomponents\httpmime\4.5.2\httpmime-4.5.2.jar;C:\Users\yamin\.m2\repository\com\google\code\gson\gson\2.8.5\gson-2.8.5.jar;C:\Users\yamin\.m2\repository\org\testng\testng\6.14.3\testng-6.14.3.jar;C:\Users\yamin\.m2\repository\com\beust\jcommander\1.72\jcommander-1.72.jar;C:\Users\yamin\.m2\repository\org\apache-extras\beanshell\bsh\2.0b6\bsh-2.0b6.jar;C:\Users\yamin\.m2\repository\org\apache\xmlbeans\xmlbeans\3.1.0\xmlbeans-3.1.0.jar;C:\Users\yamin\.m2\repository\org\seleniumhq\selenium\selenium-edge-driver\2.47.1\selenium-edge-driver-2.47.1.jar;C:\Users\yamin\.m2\repository\org\seleniumhq\selenium\selenium-remote-driver\2.47.1\selenium-remote-driver-2.47.1.jar;C:\Users\yamin\.m2\repository\cglib\cglib-nodep\2.1_3\cglib-nodep-2.1_3.jar;C:\Users\yamin\.m2\repository\org\seleniumhq\selenium\selenium-api\2.47.1\selenium-api-2.47.1.jar;C:\Users\yamin\.m2\repository\com\google\guava\guava\18.0\guava-18.0.jar;C:\Users\yamin\.m2\repository\commons-io\commons-io\2.4\commons-io-2.4.jar;C:\Users\yamin\.m2\repository\org\apache\commons\commons-exec\1.3\commons-exec-1.3.jar;C:\Users\yamin\.m2\repository\org\apache\poi\poi\4.1.2\poi-4.1.2.jar;C:\Users\yamin\.m2\repository\commons-codec\commons-codec\1.13\commons-codec-1.13.jar;C:\Users\yamin\.m2\repository\org\apache\commons\commons-collections4\4.4\commons-collections4-4.4.jar;C:\Users\yamin\.m2\repository\org\apache\commons\commons-math3\3.6.1\commons-math3-3.6.1.jar;C:\Users\yamin\.m2\repository\com\zaxxer\SparseBitSet\1.2\SparseBitSet-1.2.jar;C:\Users\yamin\.m2\repository\org\apache\poi\poi-ooxml\4.1.2\poi-ooxml-4.1.2.jar;C:\Users\yamin\.m2\repository\org\apache\poi\poi-ooxml-schemas\4.1.2\poi-ooxml-schemas-4.1.2.jar;C:\Users\yamin\.m2\repository\org\apache\commons\commons-compress\1.19\commons-compress-1.19.jar;C:\Users\yamin\.m2\repository\com\github\virtuald\curvesapi\1.06\curvesapi-1.06.jar;"/>
    <property name="sun.cpu.endian" value="little"/>
    <property name="user.home" value="C:\Users\yamin"/>
    <property name="user.language" value="en"/>
    <property name="java.specification.vendor" value="Oracle Corporation"/>
    <property name="java.version.date" value="2021-01-19"/>
    <property name="java.home" value="C:\Program Files\Java\jdk-11.0.10"/>
    <property name="file.separator" value="\"/>
    <property name="basedir" value="C:\Users\yamin\eclipse-workspace\CentroTC"/>
    <property name="java.vm.compressedOopsMode" value="32-bit"/>
    <property name="line.separator" value="&#10;"/>
    <property name="java.specification.name" value="Java Platform API Specification"/>
    <property name="java.vm.specification.vendor" value="Oracle Corporation"/>
    <property name="java.awt.graphicsenv" value="sun.awt.Win32GraphicsEnvironment"/>
    <property name="surefire.real.class.path" value="C:\Users\yamin\AppData\Local\Temp\surefire15248648787884549698\surefirebooter423995451343323992.jar"/>
    <property name="user.script" value=""/>
    <property name="sun.management.compiler" value="HotSpot 64-Bit Tiered Compilers"/>
    <property name="java.runtime.version" value="11.0.10+8-LTS-162"/>
    <property name="user.name" value="yamin"/>
    <property name="path.separator" value=";"/>
    <property name="os.version" value="10.0"/>
    <property name="java.runtime.name" value="Java(TM) SE Runtime Environment"/>
    <property name="file.encoding" value="Cp1252"/>
    <property name="java.vm.name" value="Java HotSpot(TM) 64-Bit Server VM"/>
    <property name="java.vendor.version" value="18.9"/>
    <property name="localRepository" value="C:\Users\yamin\.m2\repository"/>
    <property name="java.vendor.url.bug" value="https://bugreport.java.com/bugreport/"/>
    <property name="java.io.tmpdir" value="C:\Users\yamin\AppData\Local\Temp\"/>
    <property name="java.version" value="11.0.10"/>
    <property name="user.dir" value="C:\Users\yamin\eclipse-workspace\CentroTC"/>
    <property name="os.arch" value="amd64"/>
    <property name="java.vm.specification.name" value="Java Virtual Machine Specification"/>
    <property name="java.awt.printerjob" value="sun.awt.windows.WPrinterJob"/>
    <property name="sun.os.patch.level" value=""/>
    <property name="java.library.path" value="C:\Program Files\Java\jdk-11.0.10\bin;C:\Windows\Sun\Java\bin;C:\Windows\system32;C:\Windows;C:\Program Files\Common Files\Oracle\Java\javapath;D:\oracle\product\10.2.0\db_15\bin;D:\oracle\product\10.2.0\db_2\bin;C:\ProgramData\Oracle\Java\javapath;C:\Windows\system32;C:\Windows;C:\Windows\System32\Wbem;C:\Windows\System32\WindowsPowerShell\v1.0\;C:\Windows\System32\OpenSSH\;C:\Users\yamin\AppData\Local\Microsoft\WindowsApps;C:\Program Files\apache-maven-3.8.1\bin;;."/>
    <property name="java.vendor" value="Oracle Corporation"/>
    <property name="java.vm.info" value="mixed mode"/>
    <property name="java.vm.version" value="11.0.10+8-LTS-162"/>
    <property name="sun.io.unicode.encoding" value="UnicodeLittle"/>
    <property name="java.class.version" value="55.0"/>
  </properties>
  <testcase name="SearchTest" classname="com.qa.TestCases.TestCase1" time="13.702"/>
  <testcase name="SearchTest" classname="com.qa.TestCases.TestCase1" time="12.409">
    <failure message="stale element reference: element is not attached to the page document&#10;  (Session info: chrome=90.0.4430.93)&#10;  (Driver info: chromedriver=89.0.4389.23 (61b08ee2c50024bab004e48d2b1b083cdbdac579-refs/branch-heads/4389@{#294}),platform=Windows NT 10.0.19041 x86_64) (WARNING: The server did not provide any stacktrace information)&#10;Command duration or timeout: 207 milliseconds&#10;For documentation on this error, please visit: http://seleniumhq.org/exceptions/stale_element_reference.html&#10;Build info: version: &apos;2.47.1&apos;, revision: &apos;unknown&apos;, time: &apos;2015-07-30 11:02:44&apos;&#10;System info: host: &apos;DESKTOP-8QP023I&apos;, ip: &apos;192.168.0.96&apos;, os.name: &apos;Windows 10&apos;, os.arch: &apos;amd64&apos;, os.version: &apos;10.0&apos;, java.version: &apos;11.0.10&apos;&#10;Driver info: org.openqa.selenium.chrome.ChromeDriver&#10;Capabilities [{mobileEmulationEnabled=false, timeouts={implicit=0, pageLoad=300000, script=30000}, hasTouchScreen=false, platform=XP, acceptSslCerts=false, goog:chromeOptions={debuggerAddress=localhost:57459}, acceptInsecureCerts=false, webStorageEnabled=true, browserName=chrome, takesScreenshot=true, javascriptEnabled=true, setWindowRect=true, webauthn:extension:largeBlob=true, unexpectedAlertBehaviour=ignore, applicationCacheEnabled=false, rotatable=false, networkConnectionEnabled=false, chrome={chromedriverVersion=89.0.4389.23 (61b08ee2c50024bab004e48d2b1b083cdbdac579-refs/branch-heads/4389@{#294}), userDataDir=C:\Users\yamin\AppData\Local\Temp\scoped_dir17592_425800526}, takesHeapSnapshot=true, pageLoadStrategy=normal, strictFileInteractability=false, databaseEnabled=false, handlesAlerts=true, version=90.0.4430.93, browserConnectionEnabled=false, proxy={}, nativeEvents=true, locationContextEnabled=true, cssSelectorsEnabled=true, webauthn:virtualAuthenticators=true}]&#10;Session ID: 20be89876c32e51058acb2f85bd05a6f" type="org.openqa.selenium.StaleElementReferenceException">org.openqa.selenium.StaleElementReferenceException: 
stale element reference: element is not attached to the page document
  (Session info: chrome=90.0.4430.93)
  (Driver info: chromedriver=89.0.4389.23 (61b08ee2c50024bab004e48d2b1b083cdbdac579-refs/branch-heads/4389@{#294}),platform=Windows NT 10.0.19041 x86_64) (WARNING: The server did not provide any stacktrace information)
Command duration or timeout: 207 milliseconds
For documentation on this error, please visit: http://seleniumhq.org/exceptions/stale_element_reference.html
Build info: version: '2.47.1', revision: 'unknown', time: '2015-07-30 11:02:44'
System info: host: 'DESKTOP-8QP023I', ip: '192.168.0.96', os.name: 'Windows 10', os.arch: 'amd64', os.version: '10.0', java.version: '11.0.10'
Driver info: org.openqa.selenium.chrome.ChromeDriver
Capabilities [{mobileEmulationEnabled=false, timeouts={implicit=0, pageLoad=300000, script=30000}, hasTouchScreen=false, platform=XP, acceptSslCerts=false, goog:chromeOptions={debuggerAddress=localhost:57459}, acceptInsecureCerts=false, webStorageEnabled=true, browserName=chrome, takesScreenshot=true, javascriptEnabled=true, setWindowRect=true, webauthn:extension:largeBlob=true, unexpectedAlertBehaviour=ignore, applicationCacheEnabled=false, rotatable=false, networkConnectionEnabled=false, chrome={chromedriverVersion=89.0.4389.23 (61b08ee2c50024bab004e48d2b1b083cdbdac579-refs/branch-heads/4389@{#294}), userDataDir=C:\Users\yamin\AppData\Local\Temp\scoped_dir17592_425800526}, takesHeapSnapshot=true, pageLoadStrategy=normal, strictFileInteractability=false, databaseEnabled=false, handlesAlerts=true, version=90.0.4430.93, browserConnectionEnabled=false, proxy={}, nativeEvents=true, locationContextEnabled=true, cssSelectorsEnabled=true, webauthn:virtualAuthenticators=true}]
Session ID: 20be89876c32e51058acb2f85bd05a6f
	at com.qa.TestCases.TestCase1.SearchTest(TestCase1.java:42)
</failure>
    <system-out><![CDATA[[[[ChromeDriver: chrome on XP (20be89876c32e51058acb2f85bd05a6f)] -> xpath: //body/div[1]/div[1]/div[1]/main[1]/div[1]/div[3]/div[1]/div[2]/div[2]/div[1]/div[1]/ol[1]/li/div[1]], [[ChromeDriver: chrome on XP (20be89876c32e51058acb2f85bd05a6f)] -> xpath: //body/div[1]/div[1]/div[1]/main[1]/div[1]/div[3]/div[1]/div[2]/div[2]/div[1]/div[1]/ol[1]/li/div[1]], [[ChromeDriver: chrome on XP (20be89876c32e51058acb2f85bd05a6f)] -> xpath: //body/div[1]/div[1]/div[1]/main[1]/div[1]/div[3]/div[1]/div[2]/div[2]/div[1]/div[1]/ol[1]/li/div[1]], [[ChromeDriver: chrome on XP (20be89876c32e51058acb2f85bd05a6f)] -> xpath: //body/div[1]/div[1]/div[1]/main[1]/div[1]/div[3]/div[1]/div[2]/div[2]/div[1]/div[1]/ol[1]/li/div[1]], [[ChromeDriver: chrome on XP (20be89876c32e51058acb2f85bd05a6f)] -> xpath: //body/div[1]/div[1]/div[1]/main[1]/div[1]/div[3]/div[1]/div[2]/div[2]/div[1]/div[1]/ol[1]/li/div[1]], [[ChromeDriver: chrome on XP (20be89876c32e51058acb2f85bd05a6f)] -> xpath: //body/div[1]/div[1]/div[1]/main[1]/div[1]/div[3]/div[1]/div[2]/div[2]/div[1]/div[1]/ol[1]/li/div[1]], [[ChromeDriver: chrome on XP (20be89876c32e51058acb2f85bd05a6f)] -> xpath: //body/div[1]/div[1]/div[1]/main[1]/div[1]/div[3]/div[1]/div[2]/div[2]/div[1]/div[1]/ol[1]/li/div[1]], [[ChromeDriver: chrome on XP (20be89876c32e51058acb2f85bd05a6f)] -> xpath: //body/div[1]/div[1]/div[1]/main[1]/div[1]/div[3]/div[1]/div[2]/div[2]/div[1]/div[1]/ol[1]/li/div[1]], [[ChromeDriver: chrome on XP (20be89876c32e51058acb2f85bd05a6f)] -> xpath: //body/div[1]/div[1]/div[1]/main[1]/div[1]/div[3]/div[1]/div[2]/div[2]/div[1]/div[1]/ol[1]/li/div[1]], [[ChromeDriver: chrome on XP (20be89876c32e51058acb2f85bd05a6f)] -> xpath: //body/div[1]/div[1]/div[1]/main[1]/div[1]/div[3]/div[1]/div[2]/div[2]/div[1]/div[1]/ol[1]/li/div[1]], [[ChromeDriver: chrome on XP (20be89876c32e51058acb2f85bd05a6f)] -> xpath: //body/div[1]/div[1]/div[1]/main[1]/div[1]/div[3]/div[1]/div[2]/div[2]/div[1]/div[1]/ol[1]/li/div[1]], [[ChromeDriver: chrome on XP (20be89876c32e51058acb2f85bd05a6f)] -> xpath: //body/div[1]/div[1]/div[1]/main[1]/div[1]/div[3]/div[1]/div[2]/div[2]/div[1]/div[1]/ol[1]/li/div[1]], [[ChromeDriver: chrome on XP (20be89876c32e51058acb2f85bd05a6f)] -> xpath: //body/div[1]/div[1]/div[1]/main[1]/div[1]/div[3]/div[1]/div[2]/div[2]/div[1]/div[1]/ol[1]/li/div[1]], [[ChromeDriver: chrome on XP (20be89876c32e51058acb2f85bd05a6f)] -> xpath: //body/div[1]/div[1]/div[1]/main[1]/div[1]/div[3]/div[1]/div[2]/div[2]/div[1]/div[1]/ol[1]/li/div[1]], [[ChromeDriver: chrome on XP (20be89876c32e51058acb2f85bd05a6f)] -> xpath: //body/div[1]/div[1]/div[1]/main[1]/div[1]/div[3]/div[1]/div[2]/div[2]/div[1]/div[1]/ol[1]/li/div[1]], [[ChromeDriver: chrome on XP (20be89876c32e51058acb2f85bd05a6f)] -> xpath: //body/div[1]/div[1]/div[1]/main[1]/div[1]/div[3]/div[1]/div[2]/div[2]/div[1]/div[1]/ol[1]/li/div[1]], [[ChromeDriver: chrome on XP (20be89876c32e51058acb2f85bd05a6f)] -> xpath: //body/div[1]/div[1]/div[1]/main[1]/div[1]/div[3]/div[1]/div[2]/div[2]/div[1]/div[1]/ol[1]/li/div[1]], [[ChromeDriver: chrome on XP (20be89876c32e51058acb2f85bd05a6f)] -> xpath: //body/div[1]/div[1]/div[1]/main[1]/div[1]/div[3]/div[1]/div[2]/div[2]/div[1]/div[1]/ol[1]/li/div[1]], [[ChromeDriver: chrome on XP (20be89876c32e51058acb2f85bd05a6f)] -> xpath: //body/div[1]/div[1]/div[1]/main[1]/div[1]/div[3]/div[1]/div[2]/div[2]/div[1]/div[1]/ol[1]/li/div[1]], [[ChromeDriver: chrome on XP (20be89876c32e51058acb2f85bd05a6f)] -> xpath: //body/div[1]/div[1]/div[1]/main[1]/div[1]/div[3]/div[1]/div[2]/div[2]/div[1]/div[1]/ol[1]/li/div[1]], [[ChromeDriver: chrome on XP (20be89876c32e51058acb2f85bd05a6f)] -> xpath: //body/div[1]/div[1]/div[1]/main[1]/div[1]/div[3]/div[1]/div[2]/div[2]/div[1]/div[1]/ol[1]/li/div[1]], [[ChromeDriver: chrome on XP (20be89876c32e51058acb2f85bd05a6f)] -> xpath: //body/div[1]/div[1]/div[1]/main[1]/div[1]/div[3]/div[1]/div[2]/div[2]/div[1]/div[1]/ol[1]/li/div[1]], [[ChromeDriver: chrome on XP (20be89876c32e51058acb2f85bd05a6f)] -> xpath: //body/div[1]/div[1]/div[1]/main[1]/div[1]/div[3]/div[1]/div[2]/div[2]/div[1]/div[1]/ol[1]/li/div[1]], [[ChromeDriver: chrome on XP (20be89876c32e51058acb2f85bd05a6f)] -> xpath: //body/div[1]/div[1]/div[1]/main[1]/div[1]/div[3]/div[1]/div[2]/div[2]/div[1]/div[1]/ol[1]/li/div[1]]]
price of EGOSS MEN FORMAL SLIP ON : Rs. 2,795.00
]]></system-out>
  </testcase>
  <testcase name="SearchTest" classname="com.qa.TestCases.TestCase1" time="5.077"/>
  <testcase name="SearchTest" classname="com.qa.TestCases.TestCase1" time="3.782"/>
  <testcase name="SearchTest" classname="com.qa.TestCases.TestCase1" time="3.757"/>
</testsuite>