<?xml version="1.0" encoding="UTF-8"?>
<!-- Generated by org.testng.reporters.JUnitReportReporter -->
<testsuite hostname="DESKTOP-8QP023I" failures="0" tests="5" name="com.qa.TestCases.TestCase1" time="35.884" errors="0" timestamp="2021-05-03T22:41:01 IST" skipped="0">
  <testcase classname="com.qa.TestCases.TestCase1" name="SearchTest" time="4.767"/>
  <system-out>
No Item Found  </system-out>
  <testcase classname="com.qa.TestCases.TestCase1" name="SearchTest" time="4.420"/>
  <system-out>
No Item Found  </system-out>
  <testcase classname="com.qa.TestCases.TestCase1" name="SearchTest" time="13.486"/>
  <system-out>
price of BIRKENSTOCK MEN CASUAL SLIDES : Rs. 6,990.00 price of BIRKENSTOCK WOMEN CASUAL SLIDES : Rs. 2,990.00 price of BIRKENSTOCK MEN CASUAL SLIDES : Rs. 2,990.00 price of BIRKENSTOCK WOMEN CASUAL SLIDES : Rs. 2,990.00 price of BIRKENSTOCK MEN CASUAL SLIDES : Rs. 6,990.00 price of PINKLEAF WOMEN CASUAL SLIDES : Rs. 1,049.00 price of PINKLEAF WOMEN CASUAL SLIDES : Rs. 1,049.00 price of LASCIA WOMEN CASUAL SLIDES : Rs. 799.00 price of LASCIA WOMEN CASUAL SLIDES : Rs. 799.00 price of DOUBLEU MEN CASUAL SLIDES : Rs. 1,599.00 price of DOUBLEU MEN CASUAL SLIDES : Rs. 1,599.00 price of DOUBLEU MEN CASUAL SLIDES : Rs. 1,599.00 price of DOVER MEN CASUAL SLIDES : Rs. 499.00 price of BIRKENSTOCK MEN CASUAL SLIDE : Rs. 2,990.00 price of BIRKENSTOCK MEN CASUAL SLIDE : Rs. 2,990.00 price of BIRKENSTOCK WOMEN CASUAL SLIDES : Rs. 2,990.00 price of CROCS MEN CASUAL SLIDES : Rs. 1,995.00 price of ZIPPERS MEN CASUAL SLIDES : Rs. 899.00 price of ZIPPERS MEN CASUAL SLIDES : Rs. 899.00 price of DOUBLEU MEN CASUAL SLIDES : Rs. 1,599.00 price of DOVER MEN CASUAL SLIDES : Rs. 499.00 price of BIRKENSTOCK MEN CASUAL SLIDE : Rs. 2,990.00 price of BIRKENSTOCK WOMEN CASUAL SLIDES : Rs. 2,990.00 price of ADIDAS MEN CASUAL SLIDE : Rs. 3,299.00  </system-out>
  <testcase classname="com.qa.TestCases.TestCase1" name="SearchTest" time="5.496"/>
  <system-out>
price of INC5 WOMEN CASUAL FLAT LOAFERS : Rs. 1,990.00 price of ROCIA WOMEN CASUAL FLAT SANDALS : Rs. 1,890.00 price of ROCIA WOMEN CASUAL FLAT SANDALS : Rs. 1,890.00 price of ROCIA WOMEN CASUAL FLAT SANDALS : Rs. 1,390.00 price of CATWALK WOMEN CASUAL FLAT BALLERINAS : Rs. 1,995.00 price of INC5 WOMEN PARTY WEAR FLAT CHAPPALS : Rs. 1,790.00  </system-out>
  <testcase classname="com.qa.TestCases.TestCase1" name="SearchTest" time="7.715"/>
  <system-out>
price of EGOSS MEN FORMAL SLIP ON : Rs. 2,795.00 price of EGOSS MEN FORMAL DERBY : Rs. 2,795.00 price of EGOSS MEN FORMAL SLIP ON : Rs. 2,895.00 price of NIKE MEN SPORTS LACE UP : Rs. 2,996.00 price of TOOTHLESS GIRLS CASUAL CANVAS : Rs. 999.00 price of TOOTHLESS BOYS CASUAL SPORTS SHOE : Rs. 999.00 price of TOOTHLESS BOYS CASUAL CANVAS : Rs. 999.00 price of TOOTHLESS BOYS CASUAL CANVAS : Rs. 999.00 price of CATWALK WOMEN FORMAL WEDGE HEEL SHOES : Rs. 2,495.00 price of CATWALK WOMEN CASUAL PLATFORM HEEL SHOES : Rs. 2,895.00 price of SKECHERS MEN SPORTS SLIP ON : Rs. 5,699.00 price of EGOSS MEN FORMAL OXFORD : Rs. 2,895.00 price of PUMA MEN SPORTS SLIP ON : Rs. 2,999.00 price of PUMA MEN SPORTS SLIP ON : Rs. 2,999.00 price of PUMA MEN SPORTS LACE UP : Rs. 2,999.00 price of PUMA MEN SPORTS LACE UP : Rs. 2,999.00 price of PUMA MEN SPORTS LACE UP : Rs. 2,499.00 price of SKECHERS MEN SPORTS SLIP ON : Rs. 5,299.00 price of PIERRE CARDIN MEN CASUAL SLIP ON : Rs. 3,299.00 price of PIERRE CARDIN MEN CASUAL SLIP ON : Rs. 3,299.00 price of PIERRE CARDIN MEN CASUAL SLIP ON : Rs. 2,999.00 price of PIERRE CARDIN MEN CASUAL SLIP ON : Rs. 2,999.00 price of PIERRE CARDIN MEN CASUAL SLIP ON : Rs. 2,999.00 price of PIERRE CARDIN MEN FORMAL DERBY : Rs. 3,299.00  </system-out>
</testsuite> <!-- com.qa.TestCases.TestCase1 -->
